2024/03/19 04:20:33 [notice] 1#1: using the "epoll" event method
2024/03/19 04:20:33 [notice] 1#1: nginx/1.25.4
2024/03/19 04:20:33 [notice] 1#1: built by gcc 12.2.0 (Debian 12.2.0-14) 
2024/03/19 04:20:33 [notice] 1#1: OS: Linux 6.6.16-linuxkit
2024/03/19 04:20:33 [notice] 1#1: getrlimit(RLIMIT_NOFILE): 1048576:1048576
2024/03/19 04:20:33 [notice] 1#1: start worker processes
2024/03/19 04:20:33 [notice] 1#1: start worker process 29
2024/03/19 04:20:33 [notice] 1#1: start worker process 30
2024/03/19 04:20:33 [notice] 1#1: start worker process 31
2024/03/19 04:20:33 [notice] 1#1: start worker process 32
2024/03/19 04:20:33 [notice] 1#1: start worker process 33
2024/03/19 04:20:33 [notice] 1#1: start worker process 34
2024/03/19 04:20:33 [notice] 1#1: start worker process 35
2024/03/19 04:20:33 [notice] 1#1: start worker process 36
2024/03/19 04:20:33 [notice] 1#1: start worker process 37
2024/03/19 04:20:33 [notice] 1#1: start worker process 38
2024/03/19 04:20:33 [notice] 1#1: start worker process 39
2024/03/19 04:20:33 [notice] 1#1: start worker process 40
2024/03/19 04:20:33 [notice] 1#1: start worker process 41
2024/03/19 04:20:33 [notice] 1#1: start worker process 42
2024/03/19 04:20:33 [notice] 1#1: start worker process 43
2024/03/19 04:20:33 [notice] 1#1: start worker process 44
2024/03/19 04:20:47 [error] 30#30: *2 open() "/usr/share/nginx/html/posts/blog" failed (2: No such file or directory), client: 172.25.0.1, server: localhost, request: "GET /posts/blog HTTP/1.1", host: "localhost:9090"
2024/03/19 04:21:16 [error] 30#30: *2 open() "/usr/share/nginx/html/posts/blog" failed (2: No such file or directory), client: 172.25.0.1, server: localhost, request: "POST /posts/blog HTTP/1.1", host: "localhost:9090"
2024/03/19 04:22:33 [notice] 1#1: signal 3 (SIGQUIT) received, shutting down
2024/03/19 04:22:33 [notice] 29#29: gracefully shutting down
2024/03/19 04:22:33 [notice] 30#30: gracefully shutting down
2024/03/19 04:22:33 [notice] 31#31: gracefully shutting down
2024/03/19 04:22:33 [notice] 32#32: gracefully shutting down
2024/03/19 04:22:33 [notice] 33#33: gracefully shutting down
2024/03/19 04:22:33 [notice] 34#34: gracefully shutting down
2024/03/19 04:22:33 [notice] 35#35: gracefully shutting down
2024/03/19 04:22:33 [notice] 36#36: gracefully shutting down
2024/03/19 04:22:33 [notice] 37#37: gracefully shutting down
2024/03/19 04:22:33 [notice] 38#38: gracefully shutting down
2024/03/19 04:22:33 [notice] 39#39: gracefully shutting down
2024/03/19 04:22:33 [notice] 40#40: gracefully shutting down
2024/03/19 04:22:33 [notice] 42#42: gracefully shutting down
2024/03/19 04:22:33 [notice] 43#43: gracefully shutting down
2024/03/19 04:22:33 [notice] 44#44: gracefully shutting down
2024/03/19 04:22:33 [notice] 44#44: exiting
2024/03/19 04:22:33 [notice] 41#41: gracefully shutting down
2024/03/19 04:22:33 [notice] 29#29: exiting
2024/03/19 04:22:33 [notice] 30#30: exiting
2024/03/19 04:22:33 [notice] 31#31: exiting
2024/03/19 04:22:33 [notice] 32#32: exiting
2024/03/19 04:22:33 [notice] 33#33: exiting
2024/03/19 04:22:33 [notice] 34#34: exiting
2024/03/19 04:22:33 [notice] 35#35: exiting
2024/03/19 04:22:33 [notice] 36#36: exiting
2024/03/19 04:22:33 [notice] 37#37: exiting
2024/03/19 04:22:33 [notice] 38#38: exiting
2024/03/19 04:22:33 [notice] 39#39: exiting
2024/03/19 04:22:33 [notice] 40#40: exiting
2024/03/19 04:22:33 [notice] 42#42: exiting
2024/03/19 04:22:33 [notice] 43#43: exiting
2024/03/19 04:22:33 [notice] 44#44: exit
2024/03/19 04:22:33 [notice] 41#41: exiting
2024/03/19 04:22:33 [notice] 29#29: exit
2024/03/19 04:22:33 [notice] 30#30: exit
2024/03/19 04:22:33 [notice] 31#31: exit
2024/03/19 04:22:33 [notice] 32#32: exit
2024/03/19 04:22:33 [notice] 33#33: exit
2024/03/19 04:22:33 [notice] 34#34: exit
2024/03/19 04:22:33 [notice] 35#35: exit
2024/03/19 04:22:33 [notice] 36#36: exit
2024/03/19 04:22:33 [notice] 37#37: exit
2024/03/19 04:22:33 [notice] 38#38: exit
2024/03/19 04:22:33 [notice] 39#39: exit
2024/03/19 04:22:33 [notice] 40#40: exit
2024/03/19 04:22:33 [notice] 42#42: exit
2024/03/19 04:22:33 [notice] 43#43: exit
2024/03/19 04:22:33 [notice] 41#41: exit
2024/03/19 04:22:33 [notice] 1#1: signal 17 (SIGCHLD) received from 29
2024/03/19 04:22:33 [notice] 1#1: worker process 29 exited with code 0
2024/03/19 04:22:33 [notice] 1#1: worker process 31 exited with code 0
2024/03/19 04:22:33 [notice] 1#1: worker process 32 exited with code 0
2024/03/19 04:22:33 [notice] 1#1: worker process 34 exited with code 0
2024/03/19 04:22:33 [notice] 1#1: worker process 37 exited with code 0
2024/03/19 04:22:33 [notice] 1#1: worker process 40 exited with code 0
2024/03/19 04:22:33 [notice] 1#1: worker process 42 exited with code 0
2024/03/19 04:22:33 [notice] 1#1: signal 29 (SIGIO) received
2024/03/19 04:22:33 [notice] 1#1: signal 17 (SIGCHLD) received from 37
2024/03/19 04:22:33 [notice] 1#1: worker process 30 exited with code 0
2024/03/19 04:22:33 [notice] 1#1: worker process 44 exited with code 0
2024/03/19 04:22:33 [notice] 1#1: signal 29 (SIGIO) received
2024/03/19 04:22:33 [notice] 1#1: signal 17 (SIGCHLD) received from 41
2024/03/19 04:22:33 [notice] 1#1: worker process 41 exited with code 0
2024/03/19 04:22:34 [notice] 1#1: signal 29 (SIGIO) received
2024/03/19 04:22:34 [notice] 1#1: signal 17 (SIGCHLD) received from 39
2024/03/19 04:22:34 [notice] 1#1: worker process 35 exited with code 0
2024/03/19 04:22:34 [notice] 1#1: worker process 36 exited with code 0
2024/03/19 04:22:34 [notice] 1#1: worker process 39 exited with code 0
2024/03/19 04:22:34 [notice] 1#1: worker process 38 exited with code 0
2024/03/19 04:22:34 [notice] 1#1: worker process 33 exited with code 0
2024/03/19 04:22:34 [notice] 1#1: worker process 43 exited with code 0
2024/03/19 04:22:34 [notice] 1#1: exit
2024/03/19 04:22:53 [notice] 1#1: using the "epoll" event method
2024/03/19 04:22:53 [notice] 1#1: nginx/1.25.4
2024/03/19 04:22:53 [notice] 1#1: built by gcc 12.2.0 (Debian 12.2.0-14) 
2024/03/19 04:22:53 [notice] 1#1: OS: Linux 6.6.16-linuxkit
2024/03/19 04:22:53 [notice] 1#1: getrlimit(RLIMIT_NOFILE): 1048576:1048576
2024/03/19 04:22:53 [notice] 1#1: start worker processes
2024/03/19 04:22:53 [notice] 1#1: start worker process 29
2024/03/19 04:22:53 [notice] 1#1: start worker process 30
2024/03/19 04:22:53 [notice] 1#1: start worker process 31
2024/03/19 04:22:53 [notice] 1#1: start worker process 32
2024/03/19 04:22:53 [notice] 1#1: start worker process 33
2024/03/19 04:22:53 [notice] 1#1: start worker process 34
2024/03/19 04:22:53 [notice] 1#1: start worker process 35
2024/03/19 04:22:53 [notice] 1#1: start worker process 36
2024/03/19 04:22:53 [notice] 1#1: start worker process 37
2024/03/19 04:22:53 [notice] 1#1: start worker process 38
2024/03/19 04:22:53 [notice] 1#1: start worker process 39
2024/03/19 04:22:53 [notice] 1#1: start worker process 40
2024/03/19 04:22:53 [notice] 1#1: start worker process 41
2024/03/19 04:22:53 [notice] 1#1: start worker process 42
2024/03/19 04:22:53 [notice] 1#1: start worker process 43
2024/03/19 04:22:53 [notice] 1#1: start worker process 44
2024/03/19 04:23:49 [notice] 1#1: signal 3 (SIGQUIT) received, shutting down
2024/03/19 04:23:49 [notice] 29#29: gracefully shutting down
2024/03/19 04:23:49 [notice] 30#30: gracefully shutting down
2024/03/19 04:23:49 [notice] 31#31: gracefully shutting down
2024/03/19 04:23:49 [notice] 32#32: gracefully shutting down
2024/03/19 04:23:49 [notice] 33#33: gracefully shutting down
2024/03/19 04:23:49 [notice] 36#36: gracefully shutting down
2024/03/19 04:23:49 [notice] 34#34: gracefully shutting down
2024/03/19 04:23:49 [notice] 35#35: gracefully shutting down
2024/03/19 04:23:49 [notice] 37#37: gracefully shutting down
2024/03/19 04:23:49 [notice] 38#38: gracefully shutting down
2024/03/19 04:23:49 [notice] 39#39: gracefully shutting down
2024/03/19 04:23:49 [notice] 40#40: gracefully shutting down
2024/03/19 04:23:49 [notice] 41#41: gracefully shutting down
2024/03/19 04:23:49 [notice] 42#42: gracefully shutting down
2024/03/19 04:23:49 [notice] 42#42: exiting
2024/03/19 04:23:49 [notice] 43#43: gracefully shutting down
2024/03/19 04:23:49 [notice] 44#44: gracefully shutting down
2024/03/19 04:23:49 [notice] 29#29: exiting
2024/03/19 04:23:49 [notice] 30#30: exiting
2024/03/19 04:23:49 [notice] 31#31: exiting
2024/03/19 04:23:49 [notice] 32#32: exiting
2024/03/19 04:23:49 [notice] 33#33: exiting
2024/03/19 04:23:49 [notice] 36#36: exiting
2024/03/19 04:23:49 [notice] 34#34: exiting
2024/03/19 04:23:49 [notice] 35#35: exiting
2024/03/19 04:23:49 [notice] 37#37: exiting
2024/03/19 04:23:49 [notice] 38#38: exiting
2024/03/19 04:23:49 [notice] 39#39: exiting
2024/03/19 04:23:49 [notice] 40#40: exiting
2024/03/19 04:23:49 [notice] 41#41: exiting
2024/03/19 04:23:49 [notice] 42#42: exit
2024/03/19 04:23:49 [notice] 43#43: exiting
2024/03/19 04:23:49 [notice] 44#44: exiting
2024/03/19 04:23:49 [notice] 29#29: exit
2024/03/19 04:23:49 [notice] 30#30: exit
2024/03/19 04:23:49 [notice] 31#31: exit
2024/03/19 04:23:49 [notice] 32#32: exit
2024/03/19 04:23:49 [notice] 33#33: exit
2024/03/19 04:23:49 [notice] 36#36: exit
2024/03/19 04:23:49 [notice] 34#34: exit
2024/03/19 04:23:49 [notice] 35#35: exit
2024/03/19 04:23:49 [notice] 37#37: exit
2024/03/19 04:23:49 [notice] 38#38: exit
2024/03/19 04:23:49 [notice] 39#39: exit
2024/03/19 04:23:49 [notice] 40#40: exit
2024/03/19 04:23:49 [notice] 41#41: exit
2024/03/19 04:23:49 [notice] 43#43: exit
2024/03/19 04:23:49 [notice] 44#44: exit
2024/03/19 04:23:49 [notice] 1#1: signal 17 (SIGCHLD) received from 41
2024/03/19 04:23:49 [notice] 1#1: worker process 30 exited with code 0
2024/03/19 04:23:49 [notice] 1#1: worker process 31 exited with code 0
2024/03/19 04:23:49 [notice] 1#1: worker process 36 exited with code 0
2024/03/19 04:23:49 [notice] 1#1: worker process 40 exited with code 0
2024/03/19 04:23:49 [notice] 1#1: worker process 41 exited with code 0
2024/03/19 04:23:49 [notice] 1#1: worker process 42 exited with code 0
2024/03/19 04:23:49 [notice] 1#1: signal 29 (SIGIO) received
2024/03/19 04:23:49 [notice] 1#1: signal 17 (SIGCHLD) received from 40
2024/03/19 04:23:49 [notice] 1#1: worker process 29 exited with code 0
2024/03/19 04:23:49 [notice] 1#1: worker process 32 exited with code 0
2024/03/19 04:23:49 [notice] 1#1: signal 29 (SIGIO) received
2024/03/19 04:23:49 [notice] 1#1: signal 17 (SIGCHLD) received from 33
2024/03/19 04:23:49 [notice] 1#1: worker process 33 exited with code 0
2024/03/19 04:23:49 [notice] 1#1: worker process 35 exited with code 0
2024/03/19 04:23:49 [notice] 1#1: worker process 37 exited with code 0
2024/03/19 04:23:49 [notice] 1#1: signal 29 (SIGIO) received
2024/03/19 04:23:49 [notice] 1#1: signal 17 (SIGCHLD) received from 37
2024/03/19 04:23:49 [notice] 1#1: signal 17 (SIGCHLD) received from 38
2024/03/19 04:23:49 [notice] 1#1: worker process 38 exited with code 0
2024/03/19 04:23:49 [notice] 1#1: worker process 39 exited with code 0
2024/03/19 04:23:49 [notice] 1#1: signal 29 (SIGIO) received
2024/03/19 04:23:49 [notice] 1#1: signal 17 (SIGCHLD) received from 39
2024/03/19 04:23:49 [notice] 1#1: worker process 43 exited with code 0
2024/03/19 04:23:49 [notice] 1#1: signal 29 (SIGIO) received
2024/03/19 04:23:49 [notice] 1#1: signal 17 (SIGCHLD) received from 43
2024/03/19 04:23:49 [notice] 1#1: signal 17 (SIGCHLD) received from 44
2024/03/19 04:23:49 [notice] 1#1: worker process 34 exited with code 0
2024/03/19 04:23:49 [notice] 1#1: worker process 44 exited with code 0
2024/03/19 04:23:49 [notice] 1#1: exit
2024/03/19 04:24:06 [notice] 1#1: using the "epoll" event method
2024/03/19 04:24:06 [notice] 1#1: nginx/1.25.4
2024/03/19 04:24:06 [notice] 1#1: built by gcc 12.2.0 (Debian 12.2.0-14) 
2024/03/19 04:24:06 [notice] 1#1: OS: Linux 6.6.16-linuxkit
2024/03/19 04:24:06 [notice] 1#1: getrlimit(RLIMIT_NOFILE): 1048576:1048576
2024/03/19 04:24:06 [notice] 1#1: start worker processes
2024/03/19 04:24:06 [notice] 1#1: start worker process 29
2024/03/19 04:24:06 [notice] 1#1: start worker process 30
2024/03/19 04:24:06 [notice] 1#1: start worker process 31
2024/03/19 04:24:06 [notice] 1#1: start worker process 32
2024/03/19 04:24:06 [notice] 1#1: start worker process 33
2024/03/19 04:24:06 [notice] 1#1: start worker process 34
2024/03/19 04:24:06 [notice] 1#1: start worker process 35
2024/03/19 04:24:06 [notice] 1#1: start worker process 36
2024/03/19 04:24:06 [notice] 1#1: start worker process 37
2024/03/19 04:24:06 [notice] 1#1: start worker process 38
2024/03/19 04:24:06 [notice] 1#1: start worker process 39
2024/03/19 04:24:06 [notice] 1#1: start worker process 40
2024/03/19 04:24:06 [notice] 1#1: start worker process 41
2024/03/19 04:24:06 [notice] 1#1: start worker process 42
2024/03/19 04:24:06 [notice] 1#1: start worker process 43
2024/03/19 04:24:06 [notice] 1#1: start worker process 44
2024/03/19 04:24:18 [error] 30#30: *2 open() "/usr/share/nginx/html/posts/blog" failed (2: No such file or directory), client: 172.27.0.1, server: localhost, request: "POST /posts/blog HTTP/1.1", host: "localhost:9090"
2024/03/19 04:24:20 [error] 30#30: *2 open() "/usr/share/nginx/html/posts/blog" failed (2: No such file or directory), client: 172.27.0.1, server: localhost, request: "POST /posts/blog HTTP/1.1", host: "localhost:9090"
2024/03/19 04:24:21 [error] 30#30: *2 open() "/usr/share/nginx/html/posts/blog" failed (2: No such file or directory), client: 172.27.0.1, server: localhost, request: "POST /posts/blog HTTP/1.1", host: "localhost:9090"
2024/03/19 04:24:21 [error] 30#30: *2 open() "/usr/share/nginx/html/posts/blog" failed (2: No such file or directory), client: 172.27.0.1, server: localhost, request: "POST /posts/blog HTTP/1.1", host: "localhost:9090"
2024/03/19 04:24:22 [error] 30#30: *2 open() "/usr/share/nginx/html/posts/blog" failed (2: No such file or directory), client: 172.27.0.1, server: localhost, request: "POST /posts/blog HTTP/1.1", host: "localhost:9090"
2024/03/19 04:24:22 [error] 30#30: *2 open() "/usr/share/nginx/html/posts/blog" failed (2: No such file or directory), client: 172.27.0.1, server: localhost, request: "POST /posts/blog HTTP/1.1", host: "localhost:9090"
2024/03/19 04:24:25 [error] 30#30: *2 open() "/usr/share/nginx/html/posts/blog" failed (2: No such file or directory), client: 172.27.0.1, server: localhost, request: "GET /posts/blog HTTP/1.1", host: "localhost:9090"
2024/03/19 04:25:31 [notice] 1#1: signal 3 (SIGQUIT) received, shutting down
2024/03/19 04:25:31 [notice] 29#29: gracefully shutting down
2024/03/19 04:25:31 [notice] 29#29: exiting
2024/03/19 04:25:31 [notice] 30#30: gracefully shutting down
2024/03/19 04:25:31 [notice] 31#31: gracefully shutting down
2024/03/19 04:25:31 [notice] 32#32: gracefully shutting down
2024/03/19 04:25:31 [notice] 33#33: gracefully shutting down
2024/03/19 04:25:31 [notice] 34#34: gracefully shutting down
2024/03/19 04:25:31 [notice] 34#34: exiting
2024/03/19 04:25:31 [notice] 35#35: gracefully shutting down
2024/03/19 04:25:31 [notice] 36#36: gracefully shutting down
2024/03/19 04:25:31 [notice] 36#36: exiting
2024/03/19 04:25:31 [notice] 37#37: gracefully shutting down
2024/03/19 04:25:31 [notice] 38#38: gracefully shutting down
2024/03/19 04:25:31 [notice] 39#39: gracefully shutting down
2024/03/19 04:25:31 [notice] 40#40: gracefully shutting down
2024/03/19 04:25:31 [notice] 41#41: gracefully shutting down
2024/03/19 04:25:31 [notice] 42#42: gracefully shutting down
2024/03/19 04:25:31 [notice] 43#43: gracefully shutting down
2024/03/19 04:25:31 [notice] 44#44: gracefully shutting down
2024/03/19 04:25:31 [notice] 29#29: exit
2024/03/19 04:25:31 [notice] 30#30: exiting
2024/03/19 04:25:31 [notice] 31#31: exiting
2024/03/19 04:25:31 [notice] 32#32: exiting
2024/03/19 04:25:31 [notice] 33#33: exiting
2024/03/19 04:25:31 [notice] 34#34: exit
2024/03/19 04:25:31 [notice] 35#35: exiting
2024/03/19 04:25:31 [notice] 36#36: exit
2024/03/19 04:25:31 [notice] 37#37: exiting
2024/03/19 04:25:31 [notice] 38#38: exiting
2024/03/19 04:25:31 [notice] 39#39: exiting
2024/03/19 04:25:31 [notice] 40#40: exiting
2024/03/19 04:25:31 [notice] 41#41: exiting
2024/03/19 04:25:31 [notice] 42#42: exiting
2024/03/19 04:25:31 [notice] 43#43: exiting
2024/03/19 04:25:31 [notice] 44#44: exiting
2024/03/19 04:25:31 [notice] 30#30: exit
2024/03/19 04:25:31 [notice] 31#31: exit
2024/03/19 04:25:31 [notice] 32#32: exit
2024/03/19 04:25:31 [notice] 33#33: exit
2024/03/19 04:25:31 [notice] 35#35: exit
2024/03/19 04:25:31 [notice] 37#37: exit
2024/03/19 04:25:31 [notice] 38#38: exit
2024/03/19 04:25:31 [notice] 39#39: exit
2024/03/19 04:25:31 [notice] 40#40: exit
2024/03/19 04:25:31 [notice] 41#41: exit
2024/03/19 04:25:31 [notice] 42#42: exit
2024/03/19 04:25:31 [notice] 43#43: exit
2024/03/19 04:25:31 [notice] 44#44: exit
2024/03/19 04:25:31 [notice] 1#1: signal 17 (SIGCHLD) received from 36
2024/03/19 04:25:31 [notice] 1#1: worker process 34 exited with code 0
2024/03/19 04:25:31 [notice] 1#1: worker process 36 exited with code 0
2024/03/19 04:25:31 [notice] 1#1: signal 29 (SIGIO) received
2024/03/19 04:25:31 [notice] 1#1: signal 17 (SIGCHLD) received from 29
2024/03/19 04:25:31 [notice] 1#1: worker process 29 exited with code 0
2024/03/19 04:25:31 [notice] 1#1: signal 29 (SIGIO) received
2024/03/19 04:25:31 [notice] 1#1: signal 17 (SIGCHLD) received from 37
2024/03/19 04:25:31 [notice] 1#1: worker process 30 exited with code 0
2024/03/19 04:25:31 [notice] 1#1: worker process 31 exited with code 0
2024/03/19 04:25:31 [notice] 1#1: worker process 33 exited with code 0
2024/03/19 04:25:31 [notice] 1#1: worker process 32 exited with code 0
2024/03/19 04:25:31 [notice] 1#1: worker process 35 exited with code 0
2024/03/19 04:25:31 [notice] 1#1: worker process 37 exited with code 0
2024/03/19 04:25:31 [notice] 1#1: worker process 43 exited with code 0
2024/03/19 04:25:31 [notice] 1#1: signal 29 (SIGIO) received
2024/03/19 04:25:31 [notice] 1#1: signal 17 (SIGCHLD) received from 32
2024/03/19 04:25:31 [notice] 1#1: signal 17 (SIGCHLD) received from 40
2024/03/19 04:25:31 [notice] 1#1: worker process 38 exited with code 0
2024/03/19 04:25:31 [notice] 1#1: worker process 39 exited with code 0
2024/03/19 04:25:31 [notice] 1#1: worker process 40 exited with code 0
2024/03/19 04:25:31 [notice] 1#1: signal 29 (SIGIO) received
2024/03/19 04:25:31 [notice] 1#1: signal 17 (SIGCHLD) received from 42
2024/03/19 04:25:31 [notice] 1#1: worker process 42 exited with code 0
2024/03/19 04:25:31 [notice] 1#1: signal 29 (SIGIO) received
2024/03/19 04:25:31 [notice] 1#1: signal 17 (SIGCHLD) received from 44
2024/03/19 04:25:31 [notice] 1#1: worker process 44 exited with code 0
2024/03/19 04:25:31 [notice] 1#1: signal 29 (SIGIO) received
2024/03/19 04:25:31 [notice] 1#1: signal 17 (SIGCHLD) received from 41
2024/03/19 04:25:31 [notice] 1#1: worker process 41 exited with code 0
2024/03/19 04:25:31 [notice] 1#1: exit
2024/03/19 04:25:37 [notice] 1#1: using the "epoll" event method
2024/03/19 04:25:37 [notice] 1#1: nginx/1.25.4
2024/03/19 04:25:37 [notice] 1#1: built by gcc 12.2.0 (Debian 12.2.0-14) 
2024/03/19 04:25:37 [notice] 1#1: OS: Linux 6.6.16-linuxkit
2024/03/19 04:25:37 [notice] 1#1: getrlimit(RLIMIT_NOFILE): 1048576:1048576
2024/03/19 04:25:37 [notice] 1#1: start worker processes
2024/03/19 04:25:37 [notice] 1#1: start worker process 29
2024/03/19 04:25:37 [notice] 1#1: start worker process 30
2024/03/19 04:25:37 [notice] 1#1: start worker process 31
2024/03/19 04:25:37 [notice] 1#1: start worker process 32
2024/03/19 04:25:37 [notice] 1#1: start worker process 33
2024/03/19 04:25:37 [notice] 1#1: start worker process 34
2024/03/19 04:25:37 [notice] 1#1: start worker process 35
2024/03/19 04:25:37 [notice] 1#1: start worker process 36
2024/03/19 04:25:37 [notice] 1#1: start worker process 37
2024/03/19 04:25:37 [notice] 1#1: start worker process 38
2024/03/19 04:25:37 [notice] 1#1: start worker process 39
2024/03/19 04:25:37 [notice] 1#1: start worker process 40
2024/03/19 04:25:37 [notice] 1#1: start worker process 41
2024/03/19 04:25:37 [notice] 1#1: start worker process 42
2024/03/19 04:25:37 [notice] 1#1: start worker process 43
2024/03/19 04:25:37 [notice] 1#1: start worker process 44
2024/03/19 04:25:44 [error] 30#30: *2 open() "/usr/share/nginx/html/posts/blog" failed (2: No such file or directory), client: 172.27.0.1, server: localhost, request: "GET /posts/blog HTTP/1.1", host: "localhost:9090"
2024/03/19 04:25:45 [error] 30#30: *2 open() "/usr/share/nginx/html/posts/blog" failed (2: No such file or directory), client: 172.27.0.1, server: localhost, request: "GET /posts/blog HTTP/1.1", host: "localhost:9090"
2024/03/19 04:26:02 [notice] 1#1: signal 3 (SIGQUIT) received, shutting down
2024/03/19 04:26:02 [notice] 29#29: gracefully shutting down
2024/03/19 04:26:02 [notice] 30#30: gracefully shutting down
2024/03/19 04:26:02 [notice] 31#31: gracefully shutting down
2024/03/19 04:26:02 [notice] 32#32: gracefully shutting down
2024/03/19 04:26:02 [notice] 33#33: gracefully shutting down
2024/03/19 04:26:02 [notice] 34#34: gracefully shutting down
2024/03/19 04:26:02 [notice] 35#35: gracefully shutting down
2024/03/19 04:26:02 [notice] 36#36: gracefully shutting down
2024/03/19 04:26:02 [notice] 37#37: gracefully shutting down
2024/03/19 04:26:02 [notice] 38#38: gracefully shutting down
2024/03/19 04:26:02 [notice] 39#39: gracefully shutting down
2024/03/19 04:26:02 [notice] 40#40: gracefully shutting down
2024/03/19 04:26:02 [notice] 41#41: gracefully shutting down
2024/03/19 04:26:02 [notice] 42#42: gracefully shutting down
2024/03/19 04:26:02 [notice] 43#43: gracefully shutting down
2024/03/19 04:26:02 [notice] 43#43: exiting
2024/03/19 04:26:02 [notice] 44#44: gracefully shutting down
2024/03/19 04:26:02 [notice] 29#29: exiting
2024/03/19 04:26:02 [notice] 30#30: exiting
2024/03/19 04:26:02 [notice] 31#31: exiting
2024/03/19 04:26:02 [notice] 32#32: exiting
2024/03/19 04:26:02 [notice] 33#33: exiting
2024/03/19 04:26:02 [notice] 34#34: exiting
2024/03/19 04:26:02 [notice] 35#35: exiting
2024/03/19 04:26:02 [notice] 36#36: exiting
2024/03/19 04:26:02 [notice] 37#37: exiting
2024/03/19 04:26:02 [notice] 38#38: exiting
2024/03/19 04:26:02 [notice] 39#39: exiting
2024/03/19 04:26:02 [notice] 40#40: exiting
2024/03/19 04:26:02 [notice] 41#41: exiting
2024/03/19 04:26:02 [notice] 42#42: exiting
2024/03/19 04:26:02 [notice] 43#43: exit
2024/03/19 04:26:02 [notice] 44#44: exiting
2024/03/19 04:26:02 [notice] 29#29: exit
2024/03/19 04:26:02 [notice] 30#30: exit
2024/03/19 04:26:02 [notice] 31#31: exit
2024/03/19 04:26:02 [notice] 32#32: exit
2024/03/19 04:26:02 [notice] 33#33: exit
2024/03/19 04:26:02 [notice] 34#34: exit
2024/03/19 04:26:02 [notice] 35#35: exit
2024/03/19 04:26:02 [notice] 36#36: exit
2024/03/19 04:26:02 [notice] 37#37: exit
2024/03/19 04:26:02 [notice] 38#38: exit
2024/03/19 04:26:02 [notice] 39#39: exit
2024/03/19 04:26:02 [notice] 40#40: exit
2024/03/19 04:26:02 [notice] 41#41: exit
2024/03/19 04:26:02 [notice] 42#42: exit
2024/03/19 04:26:02 [notice] 44#44: exit
2024/03/19 04:26:02 [notice] 1#1: signal 17 (SIGCHLD) received from 38
2024/03/19 04:26:02 [notice] 1#1: worker process 33 exited with code 0
2024/03/19 04:26:02 [notice] 1#1: worker process 37 exited with code 0
2024/03/19 04:26:02 [notice] 1#1: worker process 38 exited with code 0
2024/03/19 04:26:02 [notice] 1#1: worker process 44 exited with code 0
2024/03/19 04:26:02 [notice] 1#1: signal 29 (SIGIO) received
2024/03/19 04:26:02 [notice] 1#1: signal 17 (SIGCHLD) received from 42
2024/03/19 04:26:02 [notice] 1#1: worker process 30 exited with code 0
2024/03/19 04:26:02 [notice] 1#1: worker process 42 exited with code 0
2024/03/19 04:26:02 [notice] 1#1: signal 29 (SIGIO) received
2024/03/19 04:26:02 [notice] 1#1: signal 17 (SIGCHLD) received from 30
2024/03/19 04:26:02 [notice] 1#1: worker process 36 exited with code 0
2024/03/19 04:26:02 [notice] 1#1: signal 29 (SIGIO) received
2024/03/19 04:26:02 [notice] 1#1: signal 17 (SIGCHLD) received from 31
2024/03/19 04:26:02 [notice] 1#1: worker process 31 exited with code 0
2024/03/19 04:26:02 [notice] 1#1: signal 29 (SIGIO) received
2024/03/19 04:26:02 [notice] 1#1: signal 17 (SIGCHLD) received from 40
2024/03/19 04:26:02 [notice] 1#1: worker process 40 exited with code 0
2024/03/19 04:26:02 [notice] 1#1: signal 29 (SIGIO) received
2024/03/19 04:26:02 [notice] 1#1: signal 17 (SIGCHLD) received from 43
2024/03/19 04:26:02 [notice] 1#1: worker process 43 exited with code 0
2024/03/19 04:26:02 [notice] 1#1: signal 29 (SIGIO) received
2024/03/19 04:26:02 [notice] 1#1: signal 17 (SIGCHLD) received from 29
2024/03/19 04:26:02 [notice] 1#1: worker process 29 exited with code 0
2024/03/19 04:26:02 [notice] 1#1: worker process 34 exited with code 0
2024/03/19 04:26:02 [notice] 1#1: signal 17 (SIGCHLD) received from 34
2024/03/19 04:26:02 [notice] 1#1: signal 17 (SIGCHLD) received from 35
2024/03/19 04:26:02 [notice] 1#1: worker process 35 exited with code 0
2024/03/19 04:26:02 [notice] 1#1: worker process 41 exited with code 0
2024/03/19 04:26:02 [notice] 1#1: signal 17 (SIGCHLD) received from 41
2024/03/19 04:26:02 [notice] 1#1: signal 29 (SIGIO) received
2024/03/19 04:26:02 [notice] 1#1: signal 29 (SIGIO) received
2024/03/19 04:26:02 [notice] 1#1: signal 17 (SIGCHLD) received from 32
2024/03/19 04:26:02 [notice] 1#1: worker process 32 exited with code 0
2024/03/19 04:26:02 [notice] 1#1: worker process 39 exited with code 0
2024/03/19 04:26:02 [notice] 1#1: exit
2024/03/19 04:26:36 [notice] 1#1: using the "epoll" event method
2024/03/19 04:26:36 [notice] 1#1: nginx/1.25.4
2024/03/19 04:26:36 [notice] 1#1: built by gcc 12.2.0 (Debian 12.2.0-14) 
2024/03/19 04:26:36 [notice] 1#1: OS: Linux 6.6.16-linuxkit
2024/03/19 04:26:36 [notice] 1#1: getrlimit(RLIMIT_NOFILE): 1048576:1048576
2024/03/19 04:26:36 [notice] 1#1: start worker processes
2024/03/19 04:26:36 [notice] 1#1: start worker process 29
2024/03/19 04:26:36 [notice] 1#1: start worker process 30
2024/03/19 04:26:36 [notice] 1#1: start worker process 31
2024/03/19 04:26:36 [notice] 1#1: start worker process 32
2024/03/19 04:26:36 [notice] 1#1: start worker process 33
2024/03/19 04:26:36 [notice] 1#1: start worker process 34
2024/03/19 04:26:36 [notice] 1#1: start worker process 35
2024/03/19 04:26:36 [notice] 1#1: start worker process 36
2024/03/19 04:26:36 [notice] 1#1: start worker process 37
2024/03/19 04:26:36 [notice] 1#1: start worker process 38
2024/03/19 04:26:36 [notice] 1#1: start worker process 39
2024/03/19 04:26:36 [notice] 1#1: start worker process 40
2024/03/19 04:26:36 [notice] 1#1: start worker process 41
2024/03/19 04:26:36 [notice] 1#1: start worker process 42
2024/03/19 04:26:36 [notice] 1#1: start worker process 43
2024/03/19 04:26:36 [notice] 1#1: start worker process 44
2024/03/19 04:26:49 [error] 30#30: *2 open() "/usr/share/nginx/html/posts" failed (2: No such file or directory), client: 172.27.0.1, server: localhost, request: "GET /posts HTTP/1.1", host: "localhost:9090"
2024/03/19 04:26:54 [error] 30#30: *2 open() "/usr/share/nginx/html/posts/blog" failed (2: No such file or directory), client: 172.27.0.1, server: localhost, request: "GET /posts/blog HTTP/1.1", host: "localhost:9090"
2024/03/19 04:27:29 [notice] 1#1: signal 3 (SIGQUIT) received, shutting down
2024/03/19 04:27:29 [notice] 29#29: gracefully shutting down
2024/03/19 04:27:29 [notice] 30#30: gracefully shutting down
2024/03/19 04:27:29 [notice] 31#31: gracefully shutting down
2024/03/19 04:27:29 [notice] 32#32: gracefully shutting down
2024/03/19 04:27:29 [notice] 33#33: gracefully shutting down
2024/03/19 04:27:29 [notice] 33#33: exiting
2024/03/19 04:27:29 [notice] 35#35: gracefully shutting down
2024/03/19 04:27:29 [notice] 34#34: gracefully shutting down
2024/03/19 04:27:29 [notice] 36#36: gracefully shutting down
2024/03/19 04:27:29 [notice] 37#37: gracefully shutting down
2024/03/19 04:27:29 [notice] 38#38: gracefully shutting down
2024/03/19 04:27:29 [notice] 39#39: gracefully shutting down
2024/03/19 04:27:29 [notice] 40#40: gracefully shutting down
2024/03/19 04:27:29 [notice] 41#41: gracefully shutting down
2024/03/19 04:27:29 [notice] 42#42: gracefully shutting down
2024/03/19 04:27:29 [notice] 42#42: exiting
2024/03/19 04:27:29 [notice] 43#43: gracefully shutting down
2024/03/19 04:27:29 [notice] 44#44: gracefully shutting down
2024/03/19 04:27:29 [notice] 29#29: exiting
2024/03/19 04:27:29 [notice] 30#30: exiting
2024/03/19 04:27:29 [notice] 31#31: exiting
2024/03/19 04:27:29 [notice] 32#32: exiting
2024/03/19 04:27:29 [notice] 33#33: exit
2024/03/19 04:27:29 [notice] 35#35: exiting
2024/03/19 04:27:29 [notice] 34#34: exiting
2024/03/19 04:27:29 [notice] 36#36: exiting
2024/03/19 04:27:29 [notice] 37#37: exiting
2024/03/19 04:27:29 [notice] 38#38: exiting
2024/03/19 04:27:29 [notice] 39#39: exiting
2024/03/19 04:27:29 [notice] 40#40: exiting
2024/03/19 04:27:29 [notice] 41#41: exiting
2024/03/19 04:27:29 [notice] 42#42: exit
2024/03/19 04:27:29 [notice] 43#43: exiting
2024/03/19 04:27:29 [notice] 44#44: exiting
2024/03/19 04:27:29 [notice] 29#29: exit
2024/03/19 04:27:29 [notice] 30#30: exit
2024/03/19 04:27:29 [notice] 31#31: exit
2024/03/19 04:27:29 [notice] 32#32: exit
2024/03/19 04:27:29 [notice] 35#35: exit
2024/03/19 04:27:29 [notice] 34#34: exit
2024/03/19 04:27:29 [notice] 36#36: exit
2024/03/19 04:27:29 [notice] 37#37: exit
2024/03/19 04:27:29 [notice] 38#38: exit
2024/03/19 04:27:29 [notice] 39#39: exit
2024/03/19 04:27:29 [notice] 40#40: exit
2024/03/19 04:27:29 [notice] 41#41: exit
2024/03/19 04:27:29 [notice] 43#43: exit
2024/03/19 04:27:29 [notice] 44#44: exit
2024/03/19 04:27:29 [notice] 1#1: signal 17 (SIGCHLD) received from 32
2024/03/19 04:27:29 [notice] 1#1: worker process 32 exited with code 0
2024/03/19 04:27:29 [notice] 1#1: worker process 33 exited with code 0
2024/03/19 04:27:29 [notice] 1#1: worker process 38 exited with code 0
2024/03/19 04:27:29 [notice] 1#1: signal 29 (SIGIO) received
2024/03/19 04:27:29 [notice] 1#1: signal 17 (SIGCHLD) received from 37
2024/03/19 04:27:29 [notice] 1#1: worker process 34 exited with code 0
2024/03/19 04:27:29 [notice] 1#1: worker process 35 exited with code 0
2024/03/19 04:27:29 [notice] 1#1: worker process 37 exited with code 0
2024/03/19 04:27:29 [notice] 1#1: worker process 42 exited with code 0
2024/03/19 04:27:29 [notice] 1#1: signal 29 (SIGIO) received
2024/03/19 04:27:29 [notice] 1#1: signal 17 (SIGCHLD) received from 42
2024/03/19 04:27:29 [notice] 1#1: worker process 36 exited with code 0
2024/03/19 04:27:29 [notice] 1#1: worker process 39 exited with code 0
2024/03/19 04:27:29 [notice] 1#1: worker process 44 exited with code 0
2024/03/19 04:27:29 [notice] 1#1: signal 29 (SIGIO) received
2024/03/19 04:27:29 [notice] 1#1: signal 17 (SIGCHLD) received from 44
2024/03/19 04:27:29 [notice] 1#1: worker process 29 exited with code 0
2024/03/19 04:27:29 [notice] 1#1: worker process 30 exited with code 0
2024/03/19 04:27:29 [notice] 1#1: worker process 41 exited with code 0
2024/03/19 04:27:29 [notice] 1#1: signal 29 (SIGIO) received
2024/03/19 04:27:29 [notice] 1#1: signal 17 (SIGCHLD) received from 30
2024/03/19 04:27:29 [notice] 1#1: signal 17 (SIGCHLD) received from 43
2024/03/19 04:27:29 [notice] 1#1: worker process 43 exited with code 0
2024/03/19 04:27:29 [notice] 1#1: signal 29 (SIGIO) received
2024/03/19 04:27:29 [notice] 1#1: signal 17 (SIGCHLD) received from 31
2024/03/19 04:27:29 [notice] 1#1: worker process 31 exited with code 0
2024/03/19 04:27:29 [notice] 1#1: worker process 40 exited with code 0
2024/03/19 04:27:29 [notice] 1#1: exit
2024/03/19 04:27:35 [notice] 1#1: using the "epoll" event method
2024/03/19 04:27:35 [notice] 1#1: nginx/1.25.4
2024/03/19 04:27:35 [notice] 1#1: built by gcc 12.2.0 (Debian 12.2.0-14) 
2024/03/19 04:27:35 [notice] 1#1: OS: Linux 6.6.16-linuxkit
2024/03/19 04:27:35 [notice] 1#1: getrlimit(RLIMIT_NOFILE): 1048576:1048576
2024/03/19 04:27:35 [notice] 1#1: start worker processes
2024/03/19 04:27:35 [notice] 1#1: start worker process 29
2024/03/19 04:27:35 [notice] 1#1: start worker process 30
2024/03/19 04:27:35 [notice] 1#1: start worker process 31
2024/03/19 04:27:35 [notice] 1#1: start worker process 32
2024/03/19 04:27:35 [notice] 1#1: start worker process 33
2024/03/19 04:27:35 [notice] 1#1: start worker process 34
2024/03/19 04:27:35 [notice] 1#1: start worker process 35
2024/03/19 04:27:35 [notice] 1#1: start worker process 36
2024/03/19 04:27:35 [notice] 1#1: start worker process 37
2024/03/19 04:27:35 [notice] 1#1: start worker process 38
2024/03/19 04:27:35 [notice] 1#1: start worker process 39
2024/03/19 04:27:35 [notice] 1#1: start worker process 40
2024/03/19 04:27:35 [notice] 1#1: start worker process 41
2024/03/19 04:27:35 [notice] 1#1: start worker process 42
2024/03/19 04:27:35 [notice] 1#1: start worker process 43
2024/03/19 04:27:35 [notice] 1#1: start worker process 44
2024/03/19 04:27:53 [error] 30#30: *2 open() "/usr/share/nginx/html/posts/blog" failed (2: No such file or directory), client: 172.27.0.1, server: localhost, request: "GET /posts/blog HTTP/1.1", host: "localhost"
2024/03/19 04:33:57 [error] 31#31: *3 open() "/usr/share/nginx/html/posts/blog" failed (2: No such file or directory), client: 172.27.0.1, server: localhost, request: "GET /posts/blog HTTP/1.1", host: "localhost"
2024/03/19 04:34:43 [notice] 1#1: signal 3 (SIGQUIT) received, shutting down
2024/03/19 04:34:43 [notice] 29#29: gracefully shutting down
2024/03/19 04:34:43 [notice] 30#30: gracefully shutting down
2024/03/19 04:34:43 [notice] 31#31: gracefully shutting down
2024/03/19 04:34:43 [notice] 32#32: gracefully shutting down
2024/03/19 04:34:43 [notice] 33#33: gracefully shutting down
2024/03/19 04:34:43 [notice] 34#34: gracefully shutting down
2024/03/19 04:34:43 [notice] 35#35: gracefully shutting down
2024/03/19 04:34:43 [notice] 37#37: gracefully shutting down
2024/03/19 04:34:43 [notice] 36#36: gracefully shutting down
2024/03/19 04:34:43 [notice] 38#38: gracefully shutting down
2024/03/19 04:34:43 [notice] 39#39: gracefully shutting down
2024/03/19 04:34:43 [notice] 40#40: gracefully shutting down
2024/03/19 04:34:43 [notice] 41#41: gracefully shutting down
2024/03/19 04:34:43 [notice] 42#42: gracefully shutting down
2024/03/19 04:34:43 [notice] 43#43: gracefully shutting down
2024/03/19 04:34:43 [notice] 44#44: gracefully shutting down
2024/03/19 04:34:43 [notice] 29#29: exiting
2024/03/19 04:34:43 [notice] 30#30: exiting
2024/03/19 04:34:43 [notice] 31#31: exiting
2024/03/19 04:34:43 [notice] 32#32: exiting
2024/03/19 04:34:43 [notice] 33#33: exiting
2024/03/19 04:34:43 [notice] 34#34: exiting
2024/03/19 04:34:43 [notice] 35#35: exiting
2024/03/19 04:34:43 [notice] 37#37: exiting
2024/03/19 04:34:43 [notice] 36#36: exiting
2024/03/19 04:34:43 [notice] 38#38: exiting
2024/03/19 04:34:43 [notice] 39#39: exiting
2024/03/19 04:34:43 [notice] 40#40: exiting
2024/03/19 04:34:43 [notice] 41#41: exiting
2024/03/19 04:34:43 [notice] 42#42: exiting
2024/03/19 04:34:43 [notice] 43#43: exiting
2024/03/19 04:34:43 [notice] 44#44: exiting
2024/03/19 04:34:43 [notice] 29#29: exit
2024/03/19 04:34:43 [notice] 30#30: exit
2024/03/19 04:34:43 [notice] 31#31: exit
2024/03/19 04:34:43 [notice] 32#32: exit
2024/03/19 04:34:43 [notice] 33#33: exit
2024/03/19 04:34:43 [notice] 34#34: exit
2024/03/19 04:34:43 [notice] 35#35: exit
2024/03/19 04:34:43 [notice] 37#37: exit
2024/03/19 04:34:43 [notice] 36#36: exit
2024/03/19 04:34:43 [notice] 38#38: exit
2024/03/19 04:34:43 [notice] 39#39: exit
2024/03/19 04:34:43 [notice] 40#40: exit
2024/03/19 04:34:43 [notice] 41#41: exit
2024/03/19 04:34:43 [notice] 42#42: exit
2024/03/19 04:34:43 [notice] 43#43: exit
2024/03/19 04:34:43 [notice] 44#44: exit
2024/03/19 04:34:43 [notice] 1#1: signal 17 (SIGCHLD) received from 30
2024/03/19 04:34:43 [notice] 1#1: worker process 30 exited with code 0
2024/03/19 04:34:43 [notice] 1#1: worker process 31 exited with code 0
2024/03/19 04:34:43 [notice] 1#1: worker process 33 exited with code 0
2024/03/19 04:34:43 [notice] 1#1: worker process 35 exited with code 0
2024/03/19 04:34:43 [notice] 1#1: signal 29 (SIGIO) received
2024/03/19 04:34:43 [notice] 1#1: signal 17 (SIGCHLD) received from 32
2024/03/19 04:34:43 [notice] 1#1: worker process 29 exited with code 0
2024/03/19 04:34:43 [notice] 1#1: worker process 32 exited with code 0
2024/03/19 04:34:43 [notice] 1#1: worker process 36 exited with code 0
2024/03/19 04:34:43 [notice] 1#1: worker process 37 exited with code 0
2024/03/19 04:34:43 [notice] 1#1: worker process 38 exited with code 0
2024/03/19 04:34:43 [notice] 1#1: worker process 40 exited with code 0
2024/03/19 04:34:43 [notice] 1#1: signal 29 (SIGIO) received
2024/03/19 04:34:43 [notice] 1#1: signal 17 (SIGCHLD) received from 38
2024/03/19 04:34:43 [notice] 1#1: signal 17 (SIGCHLD) received from 42
2024/03/19 04:34:43 [notice] 1#1: worker process 34 exited with code 0
2024/03/19 04:34:43 [notice] 1#1: worker process 39 exited with code 0
2024/03/19 04:34:43 [notice] 1#1: worker process 41 exited with code 0
2024/03/19 04:34:43 [notice] 1#1: worker process 42 exited with code 0
2024/03/19 04:34:43 [notice] 1#1: worker process 43 exited with code 0
2024/03/19 04:34:43 [notice] 1#1: worker process 44 exited with code 0
2024/03/19 04:34:43 [notice] 1#1: exit
2024/03/19 04:36:42 [notice] 1#1: using the "epoll" event method
2024/03/19 04:36:42 [notice] 1#1: nginx/1.25.4
2024/03/19 04:36:42 [notice] 1#1: built by gcc 12.2.0 (Debian 12.2.0-14) 
2024/03/19 04:36:42 [notice] 1#1: OS: Linux 6.6.16-linuxkit
2024/03/19 04:36:42 [notice] 1#1: getrlimit(RLIMIT_NOFILE): 1048576:1048576
2024/03/19 04:36:42 [notice] 1#1: start worker processes
2024/03/19 04:36:42 [notice] 1#1: start worker process 29
2024/03/19 04:36:42 [notice] 1#1: start worker process 30
2024/03/19 04:36:42 [notice] 1#1: start worker process 31
2024/03/19 04:36:42 [notice] 1#1: start worker process 32
2024/03/19 04:36:42 [notice] 1#1: start worker process 33
2024/03/19 04:36:42 [notice] 1#1: start worker process 34
2024/03/19 04:36:42 [notice] 1#1: start worker process 35
2024/03/19 04:36:42 [notice] 1#1: start worker process 36
2024/03/19 04:36:42 [notice] 1#1: start worker process 37
2024/03/19 04:36:42 [notice] 1#1: start worker process 38
2024/03/19 04:36:42 [notice] 1#1: start worker process 39
2024/03/19 04:36:42 [notice] 1#1: start worker process 40
2024/03/19 04:36:42 [notice] 1#1: start worker process 41
2024/03/19 04:36:42 [notice] 1#1: start worker process 42
2024/03/19 04:36:42 [notice] 1#1: start worker process 43
2024/03/19 04:36:42 [notice] 1#1: start worker process 44
2024/03/19 04:36:53 [error] 30#30: *2 open() "/usr/share/nginx/html/posts/blog" failed (2: No such file or directory), client: 172.28.0.1, server: localhost, request: "GET /posts/blog HTTP/1.1", host: "localhost:9090"
2024/03/19 04:37:19 [notice] 1#1: signal 3 (SIGQUIT) received, shutting down
2024/03/19 04:37:19 [notice] 29#29: gracefully shutting down
2024/03/19 04:37:19 [notice] 44#44: gracefully shutting down
2024/03/19 04:37:19 [notice] 30#30: gracefully shutting down
2024/03/19 04:37:19 [notice] 31#31: gracefully shutting down
2024/03/19 04:37:19 [notice] 32#32: gracefully shutting down
2024/03/19 04:37:19 [notice] 32#32: exiting
2024/03/19 04:37:19 [notice] 33#33: gracefully shutting down
2024/03/19 04:37:19 [notice] 34#34: gracefully shutting down
2024/03/19 04:37:19 [notice] 35#35: gracefully shutting down
2024/03/19 04:37:19 [notice] 36#36: gracefully shutting down
2024/03/19 04:37:19 [notice] 37#37: gracefully shutting down
2024/03/19 04:37:19 [notice] 38#38: gracefully shutting down
2024/03/19 04:37:19 [notice] 39#39: gracefully shutting down
2024/03/19 04:37:19 [notice] 40#40: gracefully shutting down
2024/03/19 04:37:19 [notice] 41#41: gracefully shutting down
2024/03/19 04:37:19 [notice] 42#42: gracefully shutting down
2024/03/19 04:37:19 [notice] 43#43: gracefully shutting down
2024/03/19 04:37:19 [notice] 29#29: exiting
2024/03/19 04:37:19 [notice] 44#44: exiting
2024/03/19 04:37:19 [notice] 30#30: exiting
2024/03/19 04:37:19 [notice] 31#31: exiting
2024/03/19 04:37:19 [notice] 32#32: exit
2024/03/19 04:37:19 [notice] 33#33: exiting
2024/03/19 04:37:19 [notice] 34#34: exiting
2024/03/19 04:37:19 [notice] 35#35: exiting
2024/03/19 04:37:19 [notice] 36#36: exiting
2024/03/19 04:37:19 [notice] 37#37: exiting
2024/03/19 04:37:19 [notice] 38#38: exiting
2024/03/19 04:37:19 [notice] 39#39: exiting
2024/03/19 04:37:19 [notice] 40#40: exiting
2024/03/19 04:37:19 [notice] 41#41: exiting
2024/03/19 04:37:19 [notice] 41#41: exit
2024/03/19 04:37:19 [notice] 42#42: exiting
2024/03/19 04:37:19 [notice] 43#43: exiting
2024/03/19 04:37:19 [notice] 29#29: exit
2024/03/19 04:37:19 [notice] 44#44: exit
2024/03/19 04:37:19 [notice] 30#30: exit
2024/03/19 04:37:19 [notice] 31#31: exit
2024/03/19 04:37:19 [notice] 33#33: exit
2024/03/19 04:37:19 [notice] 34#34: exit
2024/03/19 04:37:19 [notice] 35#35: exit
2024/03/19 04:37:19 [notice] 36#36: exit
2024/03/19 04:37:19 [notice] 37#37: exit
2024/03/19 04:37:19 [notice] 38#38: exit
2024/03/19 04:37:19 [notice] 39#39: exit
2024/03/19 04:37:19 [notice] 40#40: exit
2024/03/19 04:37:19 [notice] 42#42: exit
2024/03/19 04:37:19 [notice] 43#43: exit
2024/03/19 04:37:20 [notice] 1#1: signal 17 (SIGCHLD) received from 32
2024/03/19 04:37:20 [notice] 1#1: worker process 32 exited with code 0
2024/03/19 04:37:20 [notice] 1#1: signal 29 (SIGIO) received
2024/03/19 04:37:20 [notice] 1#1: signal 17 (SIGCHLD) received from 31
2024/03/19 04:37:20 [notice] 1#1: worker process 30 exited with code 0
2024/03/19 04:37:20 [notice] 1#1: worker process 31 exited with code 0
2024/03/19 04:37:20 [notice] 1#1: worker process 34 exited with code 0
2024/03/19 04:37:20 [notice] 1#1: worker process 36 exited with code 0
2024/03/19 04:37:20 [notice] 1#1: worker process 44 exited with code 0
2024/03/19 04:37:20 [notice] 1#1: signal 29 (SIGIO) received
2024/03/19 04:37:20 [notice] 1#1: signal 17 (SIGCHLD) received from 39
2024/03/19 04:37:20 [notice] 1#1: worker process 35 exited with code 0
2024/03/19 04:37:20 [notice] 1#1: worker process 38 exited with code 0
2024/03/19 04:37:20 [notice] 1#1: worker process 39 exited with code 0
2024/03/19 04:37:20 [notice] 1#1: worker process 41 exited with code 0
2024/03/19 04:37:20 [notice] 1#1: signal 29 (SIGIO) received
2024/03/19 04:37:20 [notice] 1#1: signal 17 (SIGCHLD) received from 43
2024/03/19 04:37:20 [notice] 1#1: worker process 29 exited with code 0
2024/03/19 04:37:20 [notice] 1#1: worker process 33 exited with code 0
2024/03/19 04:37:20 [notice] 1#1: worker process 43 exited with code 0
2024/03/19 04:37:20 [notice] 1#1: signal 29 (SIGIO) received
2024/03/19 04:37:20 [notice] 1#1: signal 17 (SIGCHLD) received from 33
2024/03/19 04:37:20 [notice] 1#1: worker process 42 exited with code 0
2024/03/19 04:37:20 [notice] 1#1: worker process 37 exited with code 0
2024/03/19 04:37:20 [notice] 1#1: signal 29 (SIGIO) received
2024/03/19 04:37:20 [notice] 1#1: signal 17 (SIGCHLD) received from 37
2024/03/19 04:37:20 [notice] 1#1: worker process 40 exited with code 0
2024/03/19 04:37:20 [notice] 1#1: exit
2024/03/19 04:37:46 [emerg] 1#1: invalid URL prefix in /etc/nginx/conf.d/nginx.conf:13
2024/03/19 04:37:46 [emerg] 1#1: invalid URL prefix in /etc/nginx/conf.d/nginx.conf:13
2024/03/19 04:37:47 [emerg] 1#1: invalid URL prefix in /etc/nginx/conf.d/nginx.conf:13
2024/03/19 04:37:47 [emerg] 1#1: invalid URL prefix in /etc/nginx/conf.d/nginx.conf:13
2024/03/19 04:37:49 [emerg] 1#1: invalid URL prefix in /etc/nginx/conf.d/nginx.conf:13
2024/03/19 04:37:51 [emerg] 1#1: invalid URL prefix in /etc/nginx/conf.d/nginx.conf:13
2024/03/19 04:37:56 [emerg] 1#1: invalid URL prefix in /etc/nginx/conf.d/nginx.conf:13
2024/03/19 04:38:07 [emerg] 1#1: invalid URL prefix in /etc/nginx/conf.d/nginx.conf:13
2024/03/19 04:38:20 [emerg] 1#1: invalid URL prefix in /etc/nginx/conf.d/nginx.conf:13
2024/03/19 04:38:59 [notice] 1#1: using the "epoll" event method
2024/03/19 04:38:59 [notice] 1#1: nginx/1.25.4
2024/03/19 04:38:59 [notice] 1#1: built by gcc 12.2.0 (Debian 12.2.0-14) 
2024/03/19 04:38:59 [notice] 1#1: OS: Linux 6.6.16-linuxkit
2024/03/19 04:38:59 [notice] 1#1: getrlimit(RLIMIT_NOFILE): 1048576:1048576
2024/03/19 04:38:59 [notice] 1#1: start worker processes
2024/03/19 04:38:59 [notice] 1#1: start worker process 29
2024/03/19 04:38:59 [notice] 1#1: start worker process 30
2024/03/19 04:38:59 [notice] 1#1: start worker process 31
2024/03/19 04:38:59 [notice] 1#1: start worker process 32
2024/03/19 04:38:59 [notice] 1#1: start worker process 33
2024/03/19 04:38:59 [notice] 1#1: start worker process 34
2024/03/19 04:38:59 [notice] 1#1: start worker process 35
2024/03/19 04:38:59 [notice] 1#1: start worker process 36
2024/03/19 04:38:59 [notice] 1#1: start worker process 37
2024/03/19 04:38:59 [notice] 1#1: start worker process 38
2024/03/19 04:38:59 [notice] 1#1: start worker process 39
2024/03/19 04:38:59 [notice] 1#1: start worker process 40
2024/03/19 04:38:59 [notice] 1#1: start worker process 41
2024/03/19 04:38:59 [notice] 1#1: start worker process 42
2024/03/19 04:38:59 [notice] 1#1: start worker process 43
2024/03/19 04:38:59 [notice] 1#1: start worker process 44
2024/03/19 04:39:01 [error] 30#30: *2 "/usr/share/nginx/html/api/index.html" is not found (2: No such file or directory), client: 172.30.0.1, server: localhost, request: "GET /api/ HTTP/1.1", host: "localhost:9090"
2024/03/19 04:40:03 [notice] 1#1: signal 3 (SIGQUIT) received, shutting down
2024/03/19 04:40:03 [notice] 29#29: gracefully shutting down
2024/03/19 04:40:03 [notice] 30#30: gracefully shutting down
2024/03/19 04:40:03 [notice] 31#31: gracefully shutting down
2024/03/19 04:40:03 [notice] 32#32: gracefully shutting down
2024/03/19 04:40:03 [notice] 32#32: exiting
2024/03/19 04:40:03 [notice] 33#33: gracefully shutting down
2024/03/19 04:40:03 [notice] 34#34: gracefully shutting down
2024/03/19 04:40:03 [notice] 35#35: gracefully shutting down
2024/03/19 04:40:03 [notice] 36#36: gracefully shutting down
2024/03/19 04:40:03 [notice] 37#37: gracefully shutting down
2024/03/19 04:40:03 [notice] 38#38: gracefully shutting down
2024/03/19 04:40:03 [notice] 39#39: gracefully shutting down
2024/03/19 04:40:03 [notice] 41#41: gracefully shutting down
2024/03/19 04:40:03 [notice] 42#42: gracefully shutting down
2024/03/19 04:40:03 [notice] 43#43: gracefully shutting down
2024/03/19 04:40:03 [notice] 43#43: exiting
2024/03/19 04:40:03 [notice] 40#40: gracefully shutting down
2024/03/19 04:40:03 [notice] 44#44: gracefully shutting down
2024/03/19 04:40:03 [notice] 44#44: exiting
2024/03/19 04:40:03 [notice] 29#29: exiting
2024/03/19 04:40:03 [notice] 30#30: exiting
2024/03/19 04:40:03 [notice] 31#31: exiting
2024/03/19 04:40:03 [notice] 32#32: exit
2024/03/19 04:40:03 [notice] 33#33: exiting
2024/03/19 04:40:03 [notice] 34#34: exiting
2024/03/19 04:40:03 [notice] 35#35: exiting
2024/03/19 04:40:03 [notice] 36#36: exiting
2024/03/19 04:40:03 [notice] 37#37: exiting
2024/03/19 04:40:03 [notice] 38#38: exiting
2024/03/19 04:40:03 [notice] 39#39: exiting
2024/03/19 04:40:03 [notice] 41#41: exiting
2024/03/19 04:40:03 [notice] 42#42: exiting
2024/03/19 04:40:03 [notice] 43#43: exit
2024/03/19 04:40:03 [notice] 40#40: exiting
2024/03/19 04:40:03 [notice] 44#44: exit
2024/03/19 04:40:03 [notice] 29#29: exit
2024/03/19 04:40:03 [notice] 30#30: exit
2024/03/19 04:40:03 [notice] 31#31: exit
2024/03/19 04:40:03 [notice] 33#33: exit
2024/03/19 04:40:03 [notice] 34#34: exit
2024/03/19 04:40:03 [notice] 35#35: exit
2024/03/19 04:40:03 [notice] 36#36: exit
2024/03/19 04:40:03 [notice] 37#37: exit
2024/03/19 04:40:03 [notice] 38#38: exit
2024/03/19 04:40:03 [notice] 39#39: exit
2024/03/19 04:40:03 [notice] 41#41: exit
2024/03/19 04:40:03 [notice] 42#42: exit
2024/03/19 04:40:03 [notice] 40#40: exit
2024/03/19 04:40:03 [notice] 1#1: signal 17 (SIGCHLD) received from 32
2024/03/19 04:40:03 [notice] 1#1: worker process 32 exited with code 0
2024/03/19 04:40:03 [notice] 1#1: signal 29 (SIGIO) received
2024/03/19 04:40:03 [notice] 1#1: signal 17 (SIGCHLD) received from 29
2024/03/19 04:40:03 [notice] 1#1: worker process 29 exited with code 0
2024/03/19 04:40:03 [notice] 1#1: worker process 30 exited with code 0
2024/03/19 04:40:03 [notice] 1#1: worker process 34 exited with code 0
2024/03/19 04:40:03 [notice] 1#1: signal 29 (SIGIO) received
2024/03/19 04:40:03 [notice] 1#1: signal 17 (SIGCHLD) received from 30
2024/03/19 04:40:03 [notice] 1#1: worker process 35 exited with code 0
2024/03/19 04:40:03 [notice] 1#1: worker process 37 exited with code 0
2024/03/19 04:40:03 [notice] 1#1: worker process 42 exited with code 0
2024/03/19 04:40:03 [notice] 1#1: worker process 44 exited with code 0
2024/03/19 04:40:03 [notice] 1#1: signal 29 (SIGIO) received
2024/03/19 04:40:03 [notice] 1#1: signal 17 (SIGCHLD) received from 37
2024/03/19 04:40:03 [notice] 1#1: worker process 36 exited with code 0
2024/03/19 04:40:03 [notice] 1#1: worker process 43 exited with code 0
2024/03/19 04:40:03 [notice] 1#1: signal 29 (SIGIO) received
2024/03/19 04:40:03 [notice] 1#1: signal 17 (SIGCHLD) received from 33
2024/03/19 04:40:03 [notice] 1#1: worker process 33 exited with code 0
2024/03/19 04:40:03 [notice] 1#1: worker process 31 exited with code 0
2024/03/19 04:40:03 [notice] 1#1: worker process 39 exited with code 0
2024/03/19 04:40:03 [notice] 1#1: signal 29 (SIGIO) received
2024/03/19 04:40:03 [notice] 1#1: signal 17 (SIGCHLD) received from 39
2024/03/19 04:40:03 [notice] 1#1: signal 17 (SIGCHLD) received from 40
2024/03/19 04:40:03 [notice] 1#1: worker process 40 exited with code 0
2024/03/19 04:40:03 [notice] 1#1: signal 29 (SIGIO) received
2024/03/19 04:40:03 [notice] 1#1: signal 17 (SIGCHLD) received from 38
2024/03/19 04:40:03 [notice] 1#1: worker process 38 exited with code 0
2024/03/19 04:40:03 [notice] 1#1: signal 29 (SIGIO) received
2024/03/19 04:40:03 [notice] 1#1: signal 17 (SIGCHLD) received from 41
2024/03/19 04:40:03 [notice] 1#1: worker process 41 exited with code 0
2024/03/19 04:40:03 [notice] 1#1: exit
2024/03/19 04:40:20 [notice] 1#1: using the "epoll" event method
2024/03/19 04:40:20 [notice] 1#1: nginx/1.25.4
2024/03/19 04:40:20 [notice] 1#1: built by gcc 12.2.0 (Debian 12.2.0-14) 
2024/03/19 04:40:20 [notice] 1#1: OS: Linux 6.6.16-linuxkit
2024/03/19 04:40:20 [notice] 1#1: getrlimit(RLIMIT_NOFILE): 1048576:1048576
2024/03/19 04:40:20 [notice] 1#1: start worker processes
2024/03/19 04:40:20 [notice] 1#1: start worker process 29
2024/03/19 04:40:20 [notice] 1#1: start worker process 30
2024/03/19 04:40:20 [notice] 1#1: start worker process 31
2024/03/19 04:40:20 [notice] 1#1: start worker process 32
2024/03/19 04:40:20 [notice] 1#1: start worker process 33
2024/03/19 04:40:20 [notice] 1#1: start worker process 34
2024/03/19 04:40:20 [notice] 1#1: start worker process 35
2024/03/19 04:40:20 [notice] 1#1: start worker process 36
2024/03/19 04:40:20 [notice] 1#1: start worker process 37
2024/03/19 04:40:20 [notice] 1#1: start worker process 38
2024/03/19 04:40:20 [notice] 1#1: start worker process 39
2024/03/19 04:40:20 [notice] 1#1: start worker process 40
2024/03/19 04:40:20 [notice] 1#1: start worker process 41
2024/03/19 04:40:20 [notice] 1#1: start worker process 42
2024/03/19 04:40:20 [notice] 1#1: start worker process 43
2024/03/19 04:40:20 [notice] 1#1: start worker process 44
2024/03/19 04:40:31 [error] 30#30: *2 "/usr/share/nginx/html/api/index.html" is not found (2: No such file or directory), client: 172.31.0.1, server: localhost, request: "GET /api/ HTTP/1.1", host: "localhost:9090"
2024/03/19 04:41:29 [notice] 1#1: signal 3 (SIGQUIT) received, shutting down
2024/03/19 04:41:29 [notice] 29#29: gracefully shutting down
2024/03/19 04:41:29 [notice] 30#30: gracefully shutting down
2024/03/19 04:41:29 [notice] 31#31: gracefully shutting down
2024/03/19 04:41:29 [notice] 32#32: gracefully shutting down
2024/03/19 04:41:29 [notice] 33#33: gracefully shutting down
2024/03/19 04:41:29 [notice] 34#34: gracefully shutting down
2024/03/19 04:41:29 [notice] 35#35: gracefully shutting down
2024/03/19 04:41:29 [notice] 36#36: gracefully shutting down
2024/03/19 04:41:29 [notice] 37#37: gracefully shutting down
2024/03/19 04:41:29 [notice] 38#38: gracefully shutting down
2024/03/19 04:41:29 [notice] 38#38: exiting
2024/03/19 04:41:29 [notice] 39#39: gracefully shutting down
2024/03/19 04:41:29 [notice] 40#40: gracefully shutting down
2024/03/19 04:41:29 [notice] 42#42: gracefully shutting down
2024/03/19 04:41:29 [notice] 41#41: gracefully shutting down
2024/03/19 04:41:29 [notice] 43#43: gracefully shutting down
2024/03/19 04:41:29 [notice] 44#44: gracefully shutting down
2024/03/19 04:41:29 [notice] 29#29: exiting
2024/03/19 04:41:29 [notice] 30#30: exiting
2024/03/19 04:41:29 [notice] 31#31: exiting
2024/03/19 04:41:29 [notice] 32#32: exiting
2024/03/19 04:41:29 [notice] 33#33: exiting
2024/03/19 04:41:29 [notice] 34#34: exiting
2024/03/19 04:41:29 [notice] 35#35: exiting
2024/03/19 04:41:29 [notice] 36#36: exiting
2024/03/19 04:41:29 [notice] 37#37: exiting
2024/03/19 04:41:29 [notice] 38#38: exit
2024/03/19 04:41:29 [notice] 39#39: exiting
2024/03/19 04:41:29 [notice] 40#40: exiting
2024/03/19 04:41:29 [notice] 42#42: exiting
2024/03/19 04:41:29 [notice] 41#41: exiting
2024/03/19 04:41:29 [notice] 43#43: exiting
2024/03/19 04:41:29 [notice] 44#44: exiting
2024/03/19 04:41:29 [notice] 29#29: exit
2024/03/19 04:41:29 [notice] 30#30: exit
2024/03/19 04:41:29 [notice] 31#31: exit
2024/03/19 04:41:29 [notice] 32#32: exit
2024/03/19 04:41:29 [notice] 33#33: exit
2024/03/19 04:41:29 [notice] 34#34: exit
2024/03/19 04:41:29 [notice] 35#35: exit
2024/03/19 04:41:29 [notice] 36#36: exit
2024/03/19 04:41:29 [notice] 37#37: exit
2024/03/19 04:41:29 [notice] 39#39: exit
2024/03/19 04:41:29 [notice] 40#40: exit
2024/03/19 04:41:29 [notice] 42#42: exit
2024/03/19 04:41:29 [notice] 41#41: exit
2024/03/19 04:41:29 [notice] 43#43: exit
2024/03/19 04:41:29 [notice] 44#44: exit
2024/03/19 04:41:29 [notice] 1#1: signal 17 (SIGCHLD) received from 33
2024/03/19 04:41:29 [notice] 1#1: worker process 29 exited with code 0
2024/03/19 04:41:29 [notice] 1#1: worker process 30 exited with code 0
2024/03/19 04:41:29 [notice] 1#1: worker process 31 exited with code 0
2024/03/19 04:41:29 [notice] 1#1: worker process 32 exited with code 0
2024/03/19 04:41:29 [notice] 1#1: worker process 33 exited with code 0
2024/03/19 04:41:29 [notice] 1#1: worker process 34 exited with code 0
2024/03/19 04:41:29 [notice] 1#1: worker process 38 exited with code 0
2024/03/19 04:41:29 [notice] 1#1: signal 29 (SIGIO) received
2024/03/19 04:41:29 [notice] 1#1: signal 17 (SIGCHLD) received from 32
2024/03/19 04:41:29 [notice] 1#1: signal 17 (SIGCHLD) received from 39
2024/03/19 04:41:29 [notice] 1#1: worker process 35 exited with code 0
2024/03/19 04:41:29 [notice] 1#1: worker process 39 exited with code 0
2024/03/19 04:41:29 [notice] 1#1: worker process 40 exited with code 0
2024/03/19 04:41:29 [notice] 1#1: worker process 41 exited with code 0
2024/03/19 04:41:29 [notice] 1#1: worker process 43 exited with code 0
2024/03/19 04:41:29 [notice] 1#1: signal 29 (SIGIO) received
2024/03/19 04:41:29 [notice] 1#1: signal 17 (SIGCHLD) received from 43
2024/03/19 04:41:29 [notice] 1#1: worker process 37 exited with code 0
2024/03/19 04:41:29 [notice] 1#1: signal 29 (SIGIO) received
2024/03/19 04:41:29 [notice] 1#1: signal 17 (SIGCHLD) received from 36
2024/03/19 04:41:29 [notice] 1#1: worker process 36 exited with code 0
2024/03/19 04:41:29 [notice] 1#1: signal 29 (SIGIO) received
2024/03/19 04:41:29 [notice] 1#1: signal 17 (SIGCHLD) received from 42
2024/03/19 04:41:29 [notice] 1#1: worker process 42 exited with code 0
2024/03/19 04:41:29 [notice] 1#1: signal 29 (SIGIO) received
2024/03/19 04:41:29 [notice] 1#1: signal 17 (SIGCHLD) received from 44
2024/03/19 04:41:29 [notice] 1#1: worker process 44 exited with code 0
2024/03/19 04:41:29 [notice] 1#1: exit
2024/03/19 04:41:47 [notice] 1#1: using the "epoll" event method
2024/03/19 04:41:47 [notice] 1#1: nginx/1.25.4
2024/03/19 04:41:47 [notice] 1#1: built by gcc 12.2.0 (Debian 12.2.0-14) 
2024/03/19 04:41:47 [notice] 1#1: OS: Linux 6.6.16-linuxkit
2024/03/19 04:41:47 [notice] 1#1: getrlimit(RLIMIT_NOFILE): 1048576:1048576
2024/03/19 04:41:47 [notice] 1#1: start worker processes
2024/03/19 04:41:47 [notice] 1#1: start worker process 20
2024/03/19 04:41:47 [notice] 1#1: start worker process 21
2024/03/19 04:41:47 [notice] 1#1: start worker process 22
2024/03/19 04:41:47 [notice] 1#1: start worker process 23
2024/03/19 04:41:47 [notice] 1#1: start worker process 24
2024/03/19 04:41:47 [notice] 1#1: start worker process 25
2024/03/19 04:41:47 [notice] 1#1: start worker process 26
2024/03/19 04:41:47 [notice] 1#1: start worker process 27
2024/03/19 04:41:47 [notice] 1#1: start worker process 28
2024/03/19 04:41:47 [notice] 1#1: start worker process 29
2024/03/19 04:41:47 [notice] 1#1: start worker process 30
2024/03/19 04:41:47 [notice] 1#1: start worker process 31
2024/03/19 04:41:47 [notice] 1#1: start worker process 32
2024/03/19 04:41:47 [notice] 1#1: start worker process 33
2024/03/19 04:41:47 [notice] 1#1: start worker process 34
2024/03/19 04:41:47 [notice] 1#1: start worker process 35
2024/03/19 04:45:42 [notice] 1#1: signal 3 (SIGQUIT) received, shutting down
2024/03/19 04:45:42 [notice] 20#20: gracefully shutting down
2024/03/19 04:45:42 [notice] 21#21: gracefully shutting down
2024/03/19 04:45:42 [notice] 22#22: gracefully shutting down
2024/03/19 04:45:42 [notice] 23#23: gracefully shutting down
2024/03/19 04:45:42 [notice] 24#24: gracefully shutting down
2024/03/19 04:45:42 [notice] 25#25: gracefully shutting down
2024/03/19 04:45:42 [notice] 26#26: gracefully shutting down
2024/03/19 04:45:42 [notice] 27#27: gracefully shutting down
2024/03/19 04:45:42 [notice] 27#27: exiting
2024/03/19 04:45:42 [notice] 28#28: gracefully shutting down
2024/03/19 04:45:42 [notice] 29#29: gracefully shutting down
2024/03/19 04:45:42 [notice] 30#30: gracefully shutting down
2024/03/19 04:45:42 [notice] 30#30: exiting
2024/03/19 04:45:42 [notice] 31#31: gracefully shutting down
2024/03/19 04:45:42 [notice] 32#32: gracefully shutting down
2024/03/19 04:45:42 [notice] 33#33: gracefully shutting down
2024/03/19 04:45:42 [notice] 34#34: gracefully shutting down
2024/03/19 04:45:42 [notice] 35#35: gracefully shutting down
2024/03/19 04:45:42 [notice] 20#20: exiting
2024/03/19 04:45:42 [notice] 21#21: exiting
2024/03/19 04:45:42 [notice] 22#22: exiting
2024/03/19 04:45:42 [notice] 23#23: exiting
2024/03/19 04:45:42 [notice] 24#24: exiting
2024/03/19 04:45:42 [notice] 25#25: exiting
2024/03/19 04:45:42 [notice] 26#26: exiting
2024/03/19 04:45:42 [notice] 27#27: exit
2024/03/19 04:45:42 [notice] 28#28: exiting
2024/03/19 04:45:42 [notice] 29#29: exiting
2024/03/19 04:45:42 [notice] 30#30: exit
2024/03/19 04:45:42 [notice] 31#31: exiting
2024/03/19 04:45:42 [notice] 32#32: exiting
2024/03/19 04:45:42 [notice] 33#33: exiting
2024/03/19 04:45:42 [notice] 34#34: exiting
2024/03/19 04:45:42 [notice] 35#35: exiting
2024/03/19 04:45:42 [notice] 20#20: exit
2024/03/19 04:45:42 [notice] 21#21: exit
2024/03/19 04:45:42 [notice] 22#22: exit
2024/03/19 04:45:42 [notice] 23#23: exit
2024/03/19 04:45:42 [notice] 24#24: exit
2024/03/19 04:45:42 [notice] 25#25: exit
2024/03/19 04:45:42 [notice] 26#26: exit
2024/03/19 04:45:42 [notice] 28#28: exit
2024/03/19 04:45:42 [notice] 29#29: exit
2024/03/19 04:45:42 [notice] 31#31: exit
2024/03/19 04:45:42 [notice] 32#32: exit
2024/03/19 04:45:42 [notice] 33#33: exit
2024/03/19 04:45:42 [notice] 34#34: exit
2024/03/19 04:45:42 [notice] 35#35: exit
2024/03/19 04:45:42 [notice] 1#1: signal 17 (SIGCHLD) received from 22
2024/03/19 04:45:42 [notice] 1#1: worker process 20 exited with code 0
2024/03/19 04:45:42 [notice] 1#1: worker process 21 exited with code 0
2024/03/19 04:45:42 [notice] 1#1: worker process 22 exited with code 0
2024/03/19 04:45:42 [notice] 1#1: worker process 28 exited with code 0
2024/03/19 04:45:42 [notice] 1#1: signal 29 (SIGIO) received
2024/03/19 04:45:42 [notice] 1#1: signal 17 (SIGCHLD) received from 20
2024/03/19 04:45:42 [notice] 1#1: worker process 23 exited with code 0
2024/03/19 04:45:42 [notice] 1#1: worker process 24 exited with code 0
2024/03/19 04:45:42 [notice] 1#1: worker process 27 exited with code 0
2024/03/19 04:45:42 [notice] 1#1: worker process 30 exited with code 0
2024/03/19 04:45:42 [notice] 1#1: signal 29 (SIGIO) received
2024/03/19 04:45:42 [notice] 1#1: signal 17 (SIGCHLD) received from 23
2024/03/19 04:45:42 [notice] 1#1: worker process 25 exited with code 0
2024/03/19 04:45:42 [notice] 1#1: worker process 26 exited with code 0
2024/03/19 04:45:42 [notice] 1#1: worker process 33 exited with code 0
2024/03/19 04:45:42 [notice] 1#1: signal 29 (SIGIO) received
2024/03/19 04:45:42 [notice] 1#1: signal 17 (SIGCHLD) received from 31
2024/03/19 04:45:42 [notice] 1#1: worker process 31 exited with code 0
2024/03/19 04:45:42 [notice] 1#1: signal 29 (SIGIO) received
2024/03/19 04:45:42 [notice] 1#1: signal 17 (SIGCHLD) received from 35
2024/03/19 04:45:42 [notice] 1#1: worker process 35 exited with code 0
2024/03/19 04:45:42 [notice] 1#1: signal 29 (SIGIO) received
2024/03/19 04:45:42 [notice] 1#1: signal 17 (SIGCHLD) received from 32
2024/03/19 04:45:42 [notice] 1#1: worker process 29 exited with code 0
2024/03/19 04:45:42 [notice] 1#1: worker process 32 exited with code 0
2024/03/19 04:45:42 [notice] 1#1: signal 29 (SIGIO) received
2024/03/19 04:45:42 [notice] 1#1: signal 17 (SIGCHLD) received from 34
2024/03/19 04:45:42 [notice] 1#1: worker process 34 exited with code 0
2024/03/19 04:45:42 [notice] 1#1: exit
2024/03/19 04:45:47 [notice] 1#1: using the "epoll" event method
2024/03/19 04:45:47 [notice] 1#1: nginx/1.25.4
2024/03/19 04:45:47 [notice] 1#1: built by gcc 12.2.0 (Debian 12.2.0-14) 
2024/03/19 04:45:47 [notice] 1#1: OS: Linux 6.6.16-linuxkit
2024/03/19 04:45:47 [notice] 1#1: getrlimit(RLIMIT_NOFILE): 1048576:1048576
2024/03/19 04:45:47 [notice] 1#1: start worker processes
2024/03/19 04:45:47 [notice] 1#1: start worker process 20
2024/03/19 04:45:47 [notice] 1#1: start worker process 21
2024/03/19 04:45:47 [notice] 1#1: start worker process 22
2024/03/19 04:45:47 [notice] 1#1: start worker process 23
2024/03/19 04:45:47 [notice] 1#1: start worker process 24
2024/03/19 04:45:47 [notice] 1#1: start worker process 25
2024/03/19 04:45:47 [notice] 1#1: start worker process 26
2024/03/19 04:45:47 [notice] 1#1: start worker process 27
2024/03/19 04:45:47 [notice] 1#1: start worker process 28
2024/03/19 04:45:47 [notice] 1#1: start worker process 29
2024/03/19 04:45:47 [notice] 1#1: start worker process 30
2024/03/19 04:45:47 [notice] 1#1: start worker process 31
2024/03/19 04:45:47 [notice] 1#1: start worker process 32
2024/03/19 04:45:47 [notice] 1#1: start worker process 33
2024/03/19 04:45:47 [notice] 1#1: start worker process 34
2024/03/19 04:45:47 [notice] 1#1: start worker process 35
2024/03/19 04:47:51 [notice] 1#1: signal 3 (SIGQUIT) received, shutting down
2024/03/19 04:47:51 [notice] 20#20: gracefully shutting down
2024/03/19 04:47:51 [notice] 21#21: gracefully shutting down
2024/03/19 04:47:51 [notice] 22#22: gracefully shutting down
2024/03/19 04:47:51 [notice] 23#23: gracefully shutting down
2024/03/19 04:47:51 [notice] 24#24: gracefully shutting down
2024/03/19 04:47:51 [notice] 25#25: gracefully shutting down
2024/03/19 04:47:51 [notice] 26#26: gracefully shutting down
2024/03/19 04:47:51 [notice] 28#28: gracefully shutting down
2024/03/19 04:47:51 [notice] 27#27: gracefully shutting down
2024/03/19 04:47:51 [notice] 27#27: exiting
2024/03/19 04:47:51 [notice] 29#29: gracefully shutting down
2024/03/19 04:47:51 [notice] 30#30: gracefully shutting down
2024/03/19 04:47:51 [notice] 31#31: gracefully shutting down
2024/03/19 04:47:51 [notice] 32#32: gracefully shutting down
2024/03/19 04:47:51 [notice] 34#34: gracefully shutting down
2024/03/19 04:47:51 [notice] 35#35: gracefully shutting down
2024/03/19 04:47:51 [notice] 33#33: gracefully shutting down
2024/03/19 04:47:51 [notice] 20#20: exiting
2024/03/19 04:47:51 [notice] 21#21: exiting
2024/03/19 04:47:51 [notice] 22#22: exiting
2024/03/19 04:47:51 [notice] 23#23: exiting
2024/03/19 04:47:51 [notice] 25#25: exiting
2024/03/19 04:47:51 [notice] 26#26: exiting
2024/03/19 04:47:51 [notice] 28#28: exiting
2024/03/19 04:47:51 [notice] 27#27: exit
2024/03/19 04:47:51 [notice] 29#29: exiting
2024/03/19 04:47:51 [notice] 30#30: exiting
2024/03/19 04:47:51 [notice] 31#31: exiting
2024/03/19 04:47:51 [notice] 32#32: exiting
2024/03/19 04:47:51 [notice] 34#34: exiting
2024/03/19 04:47:51 [notice] 35#35: exiting
2024/03/19 04:47:51 [notice] 33#33: exiting
2024/03/19 04:47:51 [notice] 20#20: exit
2024/03/19 04:47:51 [notice] 21#21: exit
2024/03/19 04:47:51 [notice] 22#22: exit
2024/03/19 04:47:51 [notice] 23#23: exit
2024/03/19 04:47:51 [notice] 25#25: exit
2024/03/19 04:47:51 [notice] 26#26: exit
2024/03/19 04:47:51 [notice] 28#28: exit
2024/03/19 04:47:51 [notice] 29#29: exit
2024/03/19 04:47:51 [notice] 30#30: exit
2024/03/19 04:47:51 [notice] 31#31: exit
2024/03/19 04:47:51 [notice] 32#32: exit
2024/03/19 04:47:51 [notice] 34#34: exit
2024/03/19 04:47:51 [notice] 35#35: exit
2024/03/19 04:47:51 [notice] 33#33: exit
2024/03/19 04:47:51 [notice] 1#1: signal 17 (SIGCHLD) received from 20
2024/03/19 04:47:51 [notice] 1#1: worker process 20 exited with code 0
2024/03/19 04:47:51 [notice] 1#1: worker process 27 exited with code 0
2024/03/19 04:47:51 [notice] 1#1: signal 29 (SIGIO) received
2024/03/19 04:47:51 [notice] 1#1: signal 17 (SIGCHLD) received from 23
2024/03/19 04:47:51 [notice] 1#1: worker process 23 exited with code 0
2024/03/19 04:47:51 [notice] 1#1: worker process 29 exited with code 0
2024/03/19 04:47:51 [notice] 1#1: worker process 30 exited with code 0
2024/03/19 04:47:51 [notice] 1#1: worker process 34 exited with code 0
2024/03/19 04:47:51 [notice] 1#1: signal 29 (SIGIO) received
2024/03/19 04:47:51 [notice] 1#1: signal 17 (SIGCHLD) received from 34
2024/03/19 04:47:51 [notice] 1#1: worker process 25 exited with code 0
2024/03/19 04:47:51 [notice] 1#1: worker process 26 exited with code 0
2024/03/19 04:47:51 [notice] 1#1: worker process 32 exited with code 0
2024/03/19 04:47:51 [notice] 1#1: worker process 33 exited with code 0
2024/03/19 04:47:51 [notice] 1#1: worker process 35 exited with code 0
2024/03/19 04:47:51 [notice] 1#1: signal 29 (SIGIO) received
2024/03/19 04:47:51 [notice] 1#1: signal 17 (SIGCHLD) received from 25
2024/03/19 04:47:51 [notice] 1#1: worker process 21 exited with code 0
2024/03/19 04:47:51 [notice] 1#1: worker process 31 exited with code 0
2024/03/19 04:47:51 [notice] 1#1: worker process 22 exited with code 0
2024/03/19 04:47:51 [notice] 1#1: signal 29 (SIGIO) received
2024/03/19 04:47:51 [notice] 1#1: signal 17 (SIGCHLD) received from 22
2024/03/19 04:47:51 [notice] 1#1: worker process 28 exited with code 0
2024/03/19 04:47:51 [notice] 1#1: signal 29 (SIGIO) received
